Using pre-set license
Built from '2020.3/staging' branch; Version is '2020.3.5f1 (8095aa901b9b) revision 8426922'; Using compiler version '192528614'; Build Type 'Release'
OS: 'Windows 10 Home; OS build 19043.1466; Version 2009; 64bit' Language: 'ja' Physical Memory: 24497 MB
BatchMode: 1, IsHumanControllingUs: 0, StartBugReporterOnCrash: 0, Is64bit: 1, IsPro: 0

 COMMAND LINE ARGUMENTS:
C:\Program Files\Unity\Hub\Editor\2020.3.5f1\Editor\Unity.exe
-adb2
-batchMode
-noUpm
-name
AssetImportWorker0
-projectPath
C:/Users/ジュンペー/GunAction2D/GunAction2D
-logFile
Logs/AssetImportWorker0.log
-srvPort
51898
Successfully changed project path to: C:/Users/ジュンペー/GunAction2D/GunAction2D
C:/Users/ジュンペー/GunAction2D/GunAction2D
Using Asset Import Pipeline V2.
Refreshing native plugins compatible for Editor in 30.50 ms, found 1 plugins.
Preloading 0 native plugins for Editor in 0.00 ms.
Initialize engine version: 2020.3.5f1 (8095aa901b9b)
[Subsystems] Discovering subsystems at path C:/Program Files/Unity/Hub/Editor/2020.3.5f1/Editor/Data/Resources/UnitySubsystems
[Subsystems] Discovering subsystems at path C:/Users/ジュンペー/GunAction2D/GunAction2D/Assets
GfxDevice: creating device client; threaded=0
Direct3D:
    Version:  Direct3D 11.0 [level 11.1]
    Renderer: NVIDIA GeForce GTX 1660 SUPER (ID=0x21c4)
    Vendor:   
    VRAM:     5991 MB
    Driver:   27.21.14.5751
Initialize mono
Mono path[0] = 'C:/Program Files/Unity/Hub/Editor/2020.3.5f1/Editor/Data/Managed'
Mono path[1] = 'C:/Program Files/Unity/Hub/Editor/2020.3.5f1/Editor/Data/MonoBleedingEdge/lib/mono/unityjit'
Mono config path = 'C:/Program Files/Unity/Hub/Editor/2020.3.5f1/Editor/Data/MonoBleedingEdge/etc'
Using monoOptions --debugger-agent=transport=dt_socket,embedding=1,server=y,suspend=n,address=127.0.0.1:56284
Begin MonoManager ReloadAssembly
Registering precompiled unity dll's ...
Register platform support module: C:/Program Files/Unity/Hub/Editor/2020.3.5f1/Editor/Data/PlaybackEngines/WebGLSupport/UnityEditor.WebGL.Extensions.dll
Register platform support module: C:/Program Files/Unity/Hub/Editor/2020.3.5f1/Editor/Data/PlaybackEngines/WindowsStandaloneSupport/UnityEditor.WindowsStandalone.Extensions.dll
Registered in 0.002063 seconds.
Native extension for WindowsStandalone target not found
Native extension for WebGL target not found
Refreshing native plugins compatible for Editor in 31.52 ms, found 1 plugins.
Preloading 0 native plugins for Editor in 0.00 ms.
Mono: successfully reloaded assembly
- Completed reload, in  0.959 seconds
Platform modules already initialized, skipping
Registering precompiled user dll's ...
Registered in 0.000686 seconds.
Begin MonoManager ReloadAssembly
Native extension for WindowsStandalone target not found
Native extension for WebGL target not found
Refreshing native plugins compatible for Editor in 31.59 ms, found 1 plugins.
Preloading 0 native plugins for Editor in 0.00 ms.
Mono: successfully reloaded assembly
- Completed reload, in  0.746 seconds
Platform modules already initialized, skipping
========================================================================
Worker process is ready to serve import requests
Launched and connected shader compiler UnityShaderCompiler.exe after 0.04 seconds
Refreshing native plugins compatible for Editor in 0.40 ms, found 1 plugins.
Preloading 0 native plugins for Editor in 0.00 ms.
Unloading 1808 Unused Serialized files (Serialized files now loaded: 0)
System memory in use before: 84.8 MB.
System memory in use after: 84.8 MB.

Unloading 24 unused Assets to reduce memory usage. Loaded Objects now: 2250.
Total: 1.863500 ms (FindLiveObjects: 0.216100 ms CreateObjectMapping: 0.043000 ms MarkObjects: 1.489700 ms  DeleteObjects: 0.113700 ms)

========================================================================
Received Import Request.
  path: Assets
  artifactKey: Guid(00000000000000001000000000000000) Importer(815301076,1909f56bfc062723c751e8b465ee728b)
Start importing Assets using Guid(00000000000000001000000000000000) Importer(815301076,1909f56bfc062723c751e8b465ee728b)  -> (artifact id: 'e4856052512617ee48189cf1d7999900') in 0.008422 seconds
  Import took 0.011113 seconds .

========================================================================
Received Import Request.
  Time since last request: 8.972546 seconds.
  path: Assets/Scripts
  artifactKey: Guid(751d001e496bd2840aa6e96743993591) Importer(815301076,1909f56bfc062723c751e8b465ee728b)
Start importing Assets/Scripts using Guid(751d001e496bd2840aa6e96743993591) Importer(815301076,1909f56bfc062723c751e8b465ee728b)  -> (artifact id: '806c81b3be44b1ca190190e209faac0a') in 0.007249 seconds
  Import took 0.010083 seconds .

========================================================================
Received Import Request.
  Time since last request: 42.278864 seconds.
  path: Assets/New Folder
  artifactKey: Guid(3cdd00f1ebca78646981cfee1ebb023a) Importer(815301076,1909f56bfc062723c751e8b465ee728b)
Start importing Assets/New Folder using Guid(3cdd00f1ebca78646981cfee1ebb023a) Importer(815301076,1909f56bfc062723c751e8b465ee728b)  -> (artifact id: 'c931c2927b8db39588e4e9f092fe2b08') in 0.007279 seconds
  Import took 0.010296 seconds .

========================================================================
Received Import Request.
  Time since last request: 0.035937 seconds.
  path: Assets/New Folder
  artifactKey: Guid(3cdd00f1ebca78646981cfee1ebb023a) Importer(815301076,1909f56bfc062723c751e8b465ee728b)
Start importing Assets/New Folder using Guid(3cdd00f1ebca78646981cfee1ebb023a) Importer(815301076,1909f56bfc062723c751e8b465ee728b)  -> (artifact id: 'c931c2927b8db39588e4e9f092fe2b08') in 0.002882 seconds
  Import took 0.005752 seconds .

========================================================================
Received Import Request.
  Time since last request: 18.214721 seconds.
  path: Assets/Resource
  artifactKey: Guid(3cdd00f1ebca78646981cfee1ebb023a) Importer(815301076,1909f56bfc062723c751e8b465ee728b)
Start importing Assets/Resource using Guid(3cdd00f1ebca78646981cfee1ebb023a) Importer(815301076,1909f56bfc062723c751e8b465ee728b)  -> (artifact id: '4d84b103b81b983fde6a11913eaf3f59') in 0.005088 seconds
  Import took 0.007957 seconds .

========================================================================
Received Import Request.
  Time since last request: 20.263237 seconds.
  path: Assets/Resource/Character
  artifactKey: Guid(111ff897e4a91114496a8edc35a3bfd3) Importer(815301076,1909f56bfc062723c751e8b465ee728b)
Start importing Assets/Resource/Character using Guid(111ff897e4a91114496a8edc35a3bfd3) Importer(815301076,1909f56bfc062723c751e8b465ee728b)  -> (artifact id: '733e96c39eeecd8952547d5b6fb6be81') in 0.005334 seconds
  Import took 0.008096 seconds .

========================================================================
Received Import Request.
  Time since last request: 21.842946 seconds.
  path: Assets/Scripts/Player
  artifactKey: Guid(23f6dd9dccdec3945924b940ade47e74) Importer(815301076,1909f56bfc062723c751e8b465ee728b)
Start importing Assets/Scripts/Player using Guid(23f6dd9dccdec3945924b940ade47e74) Importer(815301076,1909f56bfc062723c751e8b465ee728b)  -> (artifact id: '3057e84d0e97d39429d05218755f7b1a') in 0.004897 seconds
  Import took 0.007691 seconds .

========================================================================
Received Prepare
Registering precompiled user dll's ...
Registered in 0.000811 seconds.
Begin MonoManager ReloadAssembly
Native extension for WindowsStandalone target not found
Native extension for WebGL target not found
Refreshing native plugins compatible for Editor in 0.38 ms, found 1 plugins.
Preloading 0 native plugins for Editor in 0.00 ms.
Mono: successfully reloaded assembly
- Completed reload, in  0.675 seconds
Platform modules already initialized, skipping
Refreshing native plugins compatible for Editor in 0.40 ms, found 1 plugins.
Preloading 0 native plugins for Editor in 0.00 ms.
Unloading 1804 Unused Serialized files (Serialized files now loaded: 0)
System memory in use before: 84.8 MB.
System memory in use after: 84.8 MB.

Unloading 12 unused Assets to reduce memory usage. Loaded Objects now: 2255.
Total: 2.000200 ms (FindLiveObjects: 0.243400 ms CreateObjectMapping: 0.045900 ms MarkObjects: 1.598400 ms  DeleteObjects: 0.111000 ms)

========================================================================
Received Import Request.
  Time since last request: 23.854006 seconds.
  path: Assets/Scripts/Player/Movement.cs
  artifactKey: Guid(a75a628983c844b4fadefb3111cecb7e) Importer(815301076,1909f56bfc062723c751e8b465ee728b)
Start importing Assets/Scripts/Player/Movement.cs using Guid(a75a628983c844b4fadefb3111cecb7e) Importer(815301076,1909f56bfc062723c751e8b465ee728b)  -> (artifact id: 'b83290229c78f5fa2df2a583fdc1d557') in 0.024804 seconds
  Import took 0.027480 seconds .

========================================================================
Received Import Request.
  Time since last request: 25.646499 seconds.
  path: Assets/Scripts/Player/PlayerControlScript.cs
  artifactKey: Guid(a75a628983c844b4fadefb3111cecb7e) Importer(815301076,1909f56bfc062723c751e8b465ee728b)
Start importing Assets/Scripts/Player/PlayerControlScript.cs using Guid(a75a628983c844b4fadefb3111cecb7e) Importer(815301076,1909f56bfc062723c751e8b465ee728b)  -> (artifact id: '50535583a70b47b080bf8c0c51ead1dc') in 0.005261 seconds
  Import took 0.008154 seconds .

========================================================================
Received Prepare
Registering precompiled user dll's ...
Registered in 0.000935 seconds.
Begin MonoManager ReloadAssembly
Native extension for WindowsStandalone target not found
Native extension for WebGL target not found
Refreshing native plugins compatible for Editor in 0.38 ms, found 1 plugins.
Preloading 0 native plugins for Editor in 0.00 ms.
Mono: successfully reloaded assembly
- Completed reload, in  0.677 seconds
Platform modules already initialized, skipping
Refreshing native plugins compatible for Editor in 0.39 ms, found 1 plugins.
Preloading 0 native plugins for Editor in 0.00 ms.
Unloading 1804 Unused Serialized files (Serialized files now loaded: 0)
System memory in use before: 84.9 MB.
System memory in use after: 84.8 MB.

Unloading 12 unused Assets to reduce memory usage. Loaded Objects now: 2259.
Total: 1.951200 ms (FindLiveObjects: 0.215500 ms CreateObjectMapping: 0.040200 ms MarkObjects: 1.583800 ms  DeleteObjects: 0.110800 ms)

========================================================================
Received Prepare
Registering precompiled user dll's ...
Registered in 0.000879 seconds.
Begin MonoManager ReloadAssembly
Native extension for WindowsStandalone target not found
Native extension for WebGL target not found
Refreshing native plugins compatible for Editor in 0.39 ms, found 1 plugins.
Preloading 0 native plugins for Editor in 0.00 ms.
Mono: successfully reloaded assembly
- Completed reload, in  0.687 seconds
Platform modules already initialized, skipping
Refreshing native plugins compatible for Editor in 0.63 ms, found 1 plugins.
Preloading 0 native plugins for Editor in 0.00 ms.
Unloading 1804 Unused Serialized files (Serialized files now loaded: 0)
System memory in use before: 84.9 MB.
System memory in use after: 84.9 MB.

Unloading 12 unused Assets to reduce memory usage. Loaded Objects now: 2263.
Total: 1.908200 ms (FindLiveObjects: 0.268000 ms CreateObjectMapping: 0.045500 ms MarkObjects: 1.486500 ms  DeleteObjects: 0.107300 ms)

========================================================================
Received Import Request.
  Time since last request: 883.317942 seconds.
  path: Assets/Scripts/Player/PlayerControlScript.cs
  artifactKey: Guid(a75a628983c844b4fadefb3111cecb7e) Importer(815301076,1909f56bfc062723c751e8b465ee728b)
Start importing Assets/Scripts/Player/PlayerControlScript.cs using Guid(a75a628983c844b4fadefb3111cecb7e) Importer(815301076,1909f56bfc062723c751e8b465ee728b)  -> (artifact id: '0f33198472d3d2a95917142cc3861e30') in 0.004810 seconds
  Import took 0.007794 seconds .

========================================================================
Received Import Request.
  Time since last request: 0.020891 seconds.
  path: Assets/Scripts/Player/PlayerControlScript.cs
  artifactKey: Guid(a75a628983c844b4fadefb3111cecb7e) Importer(815301076,1909f56bfc062723c751e8b465ee728b)
Start importing Assets/Scripts/Player/PlayerControlScript.cs using Guid(a75a628983c844b4fadefb3111cecb7e) Importer(815301076,1909f56bfc062723c751e8b465ee728b)  -> (artifact id: '0f33198472d3d2a95917142cc3861e30') in 0.002314 seconds
  Import took 0.005009 seconds .

========================================================================
Received Import Request.
  Time since last request: 519.357146 seconds.
  path: Assets/Resource/Character/sample001.png
  artifactKey: Guid(c57afb10f03ce224d89ac17d7aecdc24) Importer(815301076,1909f56bfc062723c751e8b465ee728b)
Start importing Assets/Resource/Character/sample001.png using Guid(c57afb10f03ce224d89ac17d7aecdc24) Importer(815301076,1909f56bfc062723c751e8b465ee728b)  -> (artifact id: '6106fccc6968112a43e0731258626496') in 0.095652 seconds
  Import took 0.098774 seconds .

========================================================================
Received Import Request.
  Time since last request: 12.801193 seconds.
  path: Assets/Resource/Character/Player.png
  artifactKey: Guid(c57afb10f03ce224d89ac17d7aecdc24) Importer(815301076,1909f56bfc062723c751e8b465ee728b)
Start importing Assets/Resource/Character/Player.png using Guid(c57afb10f03ce224d89ac17d7aecdc24) Importer(815301076,1909f56bfc062723c751e8b465ee728b)  -> (artifact id: '3aff0e49bcfb9f3ae81ac9bfa964df02') in 0.027304 seconds
  Import took 0.030301 seconds .

========================================================================
Received Import Request.
  Time since last request: 42.084180 seconds.
  path: Assets/Resource/Character/Player.png
  artifactKey: Guid(c57afb10f03ce224d89ac17d7aecdc24) Importer(815301076,1909f56bfc062723c751e8b465ee728b)
Start importing Assets/Resource/Character/Player.png using Guid(c57afb10f03ce224d89ac17d7aecdc24) Importer(815301076,1909f56bfc062723c751e8b465ee728b)  -> (artifact id: '0007a84825343e7936698731592ac5e3') in 0.010354 seconds
  Import took 0.013380 seconds .

========================================================================
Received Import Request.
  Time since last request: 130.492497 seconds.
  path: Assets/Resource/Character/Player.png
  artifactKey: Guid(c57afb10f03ce224d89ac17d7aecdc24) Importer(815301076,1909f56bfc062723c751e8b465ee728b)
Start importing Assets/Resource/Character/Player.png using Guid(c57afb10f03ce224d89ac17d7aecdc24) Importer(815301076,1909f56bfc062723c751e8b465ee728b)  -> (artifact id: '1679fae529e20f671e1f2d0f02b758b6') in 0.043905 seconds
  Import took 0.046898 seconds .

========================================================================
Received Prepare
Registering precompiled user dll's ...
Registered in 0.000856 seconds.
Begin MonoManager ReloadAssembly
Native extension for WindowsStandalone target not found
Native extension for WebGL target not found
Refreshing native plugins compatible for Editor in 0.37 ms, found 1 plugins.
Preloading 0 native plugins for Editor in 0.00 ms.
Mono: successfully reloaded assembly
- Completed reload, in  0.697 seconds
Platform modules already initialized, skipping
Refreshing native plugins compatible for Editor in 0.42 ms, found 1 plugins.
Preloading 0 native plugins for Editor in 0.00 ms.
Unloading 1804 Unused Serialized files (Serialized files now loaded: 0)
System memory in use before: 88.0 MB.
System memory in use after: 88.0 MB.

Unloading 12 unused Assets to reduce memory usage. Loaded Objects now: 2275.
Total: 2.123900 ms (FindLiveObjects: 0.262400 ms CreateObjectMapping: 0.039600 ms MarkObjects: 1.713800 ms  DeleteObjects: 0.107100 ms)

========================================================================
Received Prepare
Registering precompiled user dll's ...
Registered in 0.000788 seconds.
Begin MonoManager ReloadAssembly
Native extension for WindowsStandalone target not found
Native extension for WebGL target not found
Refreshing native plugins compatible for Editor in 0.38 ms, found 1 plugins.
Preloading 0 native plugins for Editor in 0.00 ms.
Mono: successfully reloaded assembly
- Completed reload, in  0.689 seconds
Platform modules already initialized, skipping
Refreshing native plugins compatible for Editor in 0.67 ms, found 1 plugins.
Preloading 0 native plugins for Editor in 0.00 ms.
Unloading 1804 Unused Serialized files (Serialized files now loaded: 0)
System memory in use before: 88.0 MB.
System memory in use after: 88.0 MB.

Unloading 12 unused Assets to reduce memory usage. Loaded Objects now: 2279.
Total: 2.076000 ms (FindLiveObjects: 0.249900 ms CreateObjectMapping: 0.040400 ms MarkObjects: 1.672200 ms  DeleteObjects: 0.112200 ms)

========================================================================
Received Import Request.
  Time since last request: 272.036207 seconds.
  path: Assets/Scripts/Player/PlayerControlScript.cs
  artifactKey: Guid(a75a628983c844b4fadefb3111cecb7e) Importer(815301076,1909f56bfc062723c751e8b465ee728b)
Start importing Assets/Scripts/Player/PlayerControlScript.cs using Guid(a75a628983c844b4fadefb3111cecb7e) Importer(815301076,1909f56bfc062723c751e8b465ee728b)  -> (artifact id: '463cab12b9878ab67429d9e1a0372131') in 0.004466 seconds
  Import took 0.007011 seconds .

========================================================================
Received Prepare
Registering precompiled user dll's ...
Registered in 0.000858 seconds.
Begin MonoManager ReloadAssembly
Native extension for WindowsStandalone target not found
Native extension for WebGL target not found
Refreshing native plugins compatible for Editor in 0.40 ms, found 1 plugins.
Preloading 0 native plugins for Editor in 0.00 ms.
Mono: successfully reloaded assembly
- Completed reload, in  0.679 seconds
Platform modules already initialized, skipping
Refreshing native plugins compatible for Editor in 0.40 ms, found 1 plugins.
Preloading 0 native plugins for Editor in 0.00 ms.
Unloading 1804 Unused Serialized files (Serialized files now loaded: 0)
System memory in use before: 88.0 MB.
System memory in use after: 88.0 MB.

Unloading 12 unused Assets to reduce memory usage. Loaded Objects now: 2283.
Total: 2.087400 ms (FindLiveObjects: 0.217300 ms CreateObjectMapping: 0.038600 ms MarkObjects: 1.724100 ms  DeleteObjects: 0.106200 ms)

========================================================================
Received Import Request.
  Time since last request: 523.725867 seconds.
  path: Assets/Resource/Maptips
  artifactKey: Guid(63976f718fc94ed4bb1ff61d0d28851f) Importer(815301076,1909f56bfc062723c751e8b465ee728b)
Start importing Assets/Resource/Maptips using Guid(63976f718fc94ed4bb1ff61d0d28851f) Importer(815301076,1909f56bfc062723c751e8b465ee728b)  -> (artifact id: '6758b586255dd0be9fa242b1db8ad340') in 0.008213 seconds
  Import took 0.011336 seconds .

========================================================================
Received Import Request.
  Time since last request: 211.512592 seconds.
  path: Assets/Resource/Maptips/Inside-Town-A2.png
  artifactKey: Guid(98fec66ea793c9742ac9859edfac805a) Importer(815301076,1909f56bfc062723c751e8b465ee728b)
Start importing Assets/Resource/Maptips/Inside-Town-A2.png using Guid(98fec66ea793c9742ac9859edfac805a) Importer(815301076,1909f56bfc062723c751e8b465ee728b)  -> (artifact id: '464440814534e65903116b36108a0e45') in 0.046327 seconds
  Import took 0.049288 seconds .

========================================================================
Received Import Request.
  Time since last request: 16.343374 seconds.
  path: Assets/Resource/Maptips/Inside-Town-A2.png
  artifactKey: Guid(98fec66ea793c9742ac9859edfac805a) Importer(815301076,1909f56bfc062723c751e8b465ee728b)
Start importing Assets/Resource/Maptips/Inside-Town-A2.png using Guid(98fec66ea793c9742ac9859edfac805a) Importer(815301076,1909f56bfc062723c751e8b465ee728b)  -> (artifact id: 'a6b094cfa366c76aa638505ad9c81317') in 0.019474 seconds
  Import took 0.022516 seconds .

========================================================================
Received Import Request.
  Time since last request: 12.985390 seconds.
  path: Assets/Resource/Maptips/Inside-Town-A2.png
  artifactKey: Guid(98fec66ea793c9742ac9859edfac805a) Importer(815301076,1909f56bfc062723c751e8b465ee728b)
Start importing Assets/Resource/Maptips/Inside-Town-A2.png using Guid(98fec66ea793c9742ac9859edfac805a) Importer(815301076,1909f56bfc062723c751e8b465ee728b)  -> (artifact id: 'a3837e2b5c99017889a577a239a5af92') in 0.297002 seconds
  Import took 0.300980 seconds .

========================================================================
Received Import Request.
  Time since last request: 233.745400 seconds.
  path: Assets/Resource/Maptips/Palette
  artifactKey: Guid(5ebd1bb200776fd4fa8e1e8e0c3b709f) Importer(815301076,1909f56bfc062723c751e8b465ee728b)
Start importing Assets/Resource/Maptips/Palette using Guid(5ebd1bb200776fd4fa8e1e8e0c3b709f) Importer(815301076,1909f56bfc062723c751e8b465ee728b)  -> (artifact id: '8177ed969fe5c4b14033236cd4d00dd9') in 0.006735 seconds
  Import took 0.009792 seconds .

========================================================================
Received Import Request.
  Time since last request: 0.087469 seconds.
  path: Assets/Resource/Maptips/Palette/Floor.prefab
  artifactKey: Guid(9021ccb1bdbc3e844a29d144a7418b16) Importer(815301076,1909f56bfc062723c751e8b465ee728b)
Start importing Assets/Resource/Maptips/Palette/Floor.prefab using Guid(9021ccb1bdbc3e844a29d144a7418b16) Importer(815301076,1909f56bfc062723c751e8b465ee728b)  -> (artifact id: '13eed4ee3d3680bc1b6d470c31a4c493') in 0.028073 seconds
  Import took 0.031212 seconds .

========================================================================
Received Prepare
Registering precompiled user dll's ...
Registered in 0.001337 seconds.
Begin MonoManager ReloadAssembly
Native extension for WindowsStandalone target not found
Native extension for WebGL target not found
Refreshing native plugins compatible for Editor in 0.41 ms, found 1 plugins.
Preloading 0 native plugins for Editor in 0.00 ms.
Mono: successfully reloaded assembly
- Completed reload, in  0.673 seconds
Platform modules already initialized, skipping
Refreshing native plugins compatible for Editor in 0.66 ms, found 1 plugins.
Preloading 0 native plugins for Editor in 0.00 ms.
Unloading 1804 Unused Serialized files (Serialized files now loaded: 0)
System memory in use before: 88.1 MB.
System memory in use after: 88.1 MB.

Unloading 12 unused Assets to reduce memory usage. Loaded Objects now: 2290.
Total: 2.036200 ms (FindLiveObjects: 0.218700 ms CreateObjectMapping: 0.041200 ms MarkObjects: 1.660200 ms  DeleteObjects: 0.115000 ms)

========================================================================
Received Prepare
Registering precompiled user dll's ...
Registered in 0.000863 seconds.
Begin MonoManager ReloadAssembly
Native extension for WindowsStandalone target not found
Native extension for WebGL target not found
Refreshing native plugins compatible for Editor in 0.63 ms, found 1 plugins.
Preloading 0 native plugins for Editor in 0.00 ms.
Mono: successfully reloaded assembly
- Completed reload, in  0.677 seconds
Platform modules already initialized, skipping
Refreshing native plugins compatible for Editor in 0.43 ms, found 1 plugins.
Preloading 0 native plugins for Editor in 0.00 ms.
Unloading 1804 Unused Serialized files (Serialized files now loaded: 0)
System memory in use before: 88.1 MB.
System memory in use after: 88.1 MB.

Unloading 12 unused Assets to reduce memory usage. Loaded Objects now: 2294.
Total: 1.884100 ms (FindLiveObjects: 0.228000 ms CreateObjectMapping: 0.043900 ms MarkObjects: 1.493000 ms  DeleteObjects: 0.118400 ms)

========================================================================
Received Prepare
Registering precompiled user dll's ...
Registered in 0.000917 seconds.
Begin MonoManager ReloadAssembly
Native extension for WindowsStandalone target not found
Native extension for WebGL target not found
Refreshing native plugins compatible for Editor in 0.39 ms, found 1 plugins.
Preloading 0 native plugins for Editor in 0.00 ms.
Mono: successfully reloaded assembly
- Completed reload, in  0.678 seconds
Platform modules already initialized, skipping
Refreshing native plugins compatible for Editor in 0.42 ms, found 1 plugins.
Preloading 0 native plugins for Editor in 0.00 ms.
Unloading 1804 Unused Serialized files (Serialized files now loaded: 0)
System memory in use before: 88.1 MB.
System memory in use after: 88.1 MB.

Unloading 12 unused Assets to reduce memory usage. Loaded Objects now: 2298.
Total: 2.043200 ms (FindLiveObjects: 0.231600 ms CreateObjectMapping: 0.041900 ms MarkObjects: 1.654500 ms  DeleteObjects: 0.113700 ms)

========================================================================
Received Prepare
Registering precompiled user dll's ...
Registered in 0.000868 seconds.
Begin MonoManager ReloadAssembly
Native extension for WindowsStandalone target not found
Native extension for WebGL target not found
Refreshing native plugins compatible for Editor in 0.42 ms, found 1 plugins.
Preloading 0 native plugins for Editor in 0.00 ms.
Mono: successfully reloaded assembly
- Completed reload, in  0.680 seconds
Platform modules already initialized, skipping
Refreshing native plugins compatible for Editor in 0.41 ms, found 1 plugins.
Preloading 0 native plugins for Editor in 0.00 ms.
Unloading 1804 Unused Serialized files (Serialized files now loaded: 0)
System memory in use before: 88.1 MB.
System memory in use after: 88.1 MB.

Unloading 12 unused Assets to reduce memory usage. Loaded Objects now: 2302.
Total: 1.978200 ms (FindLiveObjects: 0.245100 ms CreateObjectMapping: 0.050800 ms MarkObjects: 1.552900 ms  DeleteObjects: 0.128400 ms)

========================================================================
Received Prepare
Registering precompiled user dll's ...
Registered in 0.001098 seconds.
Begin MonoManager ReloadAssembly
Native extension for WindowsStandalone target not found
Native extension for WebGL target not found
Refreshing native plugins compatible for Editor in 0.39 ms, found 1 plugins.
Preloading 0 native plugins for Editor in 0.00 ms.
Mono: successfully reloaded assembly
- Completed reload, in  0.677 seconds
Platform modules already initialized, skipping
Refreshing native plugins compatible for Editor in 0.41 ms, found 1 plugins.
Preloading 0 native plugins for Editor in 0.00 ms.
Unloading 1804 Unused Serialized files (Serialized files now loaded: 0)
System memory in use before: 88.1 MB.
System memory in use after: 88.1 MB.

Unloading 12 unused Assets to reduce memory usage. Loaded Objects now: 2306.
Total: 1.958800 ms (FindLiveObjects: 0.264100 ms CreateObjectMapping: 0.041100 ms MarkObjects: 1.541600 ms  DeleteObjects: 0.110700 ms)

========================================================================
Received Prepare
Registering precompiled user dll's ...
Registered in 0.000884 seconds.
Begin MonoManager ReloadAssembly
Native extension for WindowsStandalone target not found
Native extension for WebGL target not found
Refreshing native plugins compatible for Editor in 0.45 ms, found 1 plugins.
Preloading 0 native plugins for Editor in 0.00 ms.
Mono: successfully reloaded assembly
- Completed reload, in  0.671 seconds
Platform modules already initialized, skipping
Refreshing native plugins compatible for Editor in 0.40 ms, found 1 plugins.
Preloading 0 native plugins for Editor in 0.00 ms.
Unloading 1804 Unused Serialized files (Serialized files now loaded: 0)
System memory in use before: 88.2 MB.
System memory in use after: 88.1 MB.

Unloading 12 unused Assets to reduce memory usage. Loaded Objects now: 2310.
Total: 2.076700 ms (FindLiveObjects: 0.269600 ms CreateObjectMapping: 0.041900 ms MarkObjects: 1.646800 ms  DeleteObjects: 0.117500 ms)

========================================================================
Received Prepare
Registering precompiled user dll's ...
Registered in 0.000873 seconds.
Begin MonoManager ReloadAssembly
Native extension for WindowsStandalone target not found
Native extension for WebGL target not found
Refreshing native plugins compatible for Editor in 0.40 ms, found 1 plugins.
Preloading 0 native plugins for Editor in 0.00 ms.
Mono: successfully reloaded assembly
- Completed reload, in  0.667 seconds
Platform modules already initialized, skipping
Refreshing native plugins compatible for Editor in 0.44 ms, found 1 plugins.
Preloading 0 native plugins for Editor in 0.00 ms.
Unloading 1804 Unused Serialized files (Serialized files now loaded: 0)
System memory in use before: 88.2 MB.
System memory in use after: 88.1 MB.

Unloading 12 unused Assets to reduce memory usage. Loaded Objects now: 2314.
Total: 2.067100 ms (FindLiveObjects: 0.239100 ms CreateObjectMapping: 0.041000 ms MarkObjects: 1.652700 ms  DeleteObjects: 0.133400 ms)

========================================================================
Received Prepare
Registering precompiled user dll's ...
Registered in 0.000865 seconds.
Begin MonoManager ReloadAssembly
Native extension for WindowsStandalone target not found
Native extension for WebGL target not found
Refreshing native plugins compatible for Editor in 0.41 ms, found 1 plugins.
Preloading 0 native plugins for Editor in 0.00 ms.
Mono: successfully reloaded assembly
- Completed reload, in  0.671 seconds
Platform modules already initialized, skipping
Refreshing native plugins compatible for Editor in 0.43 ms, found 1 plugins.
Preloading 0 native plugins for Editor in 0.00 ms.
Unloading 1804 Unused Serialized files (Serialized files now loaded: 0)
System memory in use before: 88.2 MB.
System memory in use after: 88.1 MB.

Unloading 12 unused Assets to reduce memory usage. Loaded Objects now: 2318.
Total: 2.098700 ms (FindLiveObjects: 0.269000 ms CreateObjectMapping: 0.043000 ms MarkObjects: 1.665700 ms  DeleteObjects: 0.119800 ms)

========================================================================
Received Prepare
Registering precompiled user dll's ...
Registered in 0.000784 seconds.
Begin MonoManager ReloadAssembly
Native extension for WindowsStandalone target not found
Native extension for WebGL target not found
Refreshing native plugins compatible for Editor in 0.40 ms, found 1 plugins.
Preloading 0 native plugins for Editor in 0.00 ms.
Mono: successfully reloaded assembly
- Completed reload, in  0.670 seconds
Platform modules already initialized, skipping
Refreshing native plugins compatible for Editor in 0.48 ms, found 1 plugins.
Preloading 0 native plugins for Editor in 0.00 ms.
Unloading 1804 Unused Serialized files (Serialized files now loaded: 0)
System memory in use before: 88.2 MB.
System memory in use after: 88.2 MB.

Unloading 12 unused Assets to reduce memory usage. Loaded Objects now: 2322.
Total: 1.899500 ms (FindLiveObjects: 0.233400 ms CreateObjectMapping: 0.039600 ms MarkObjects: 1.502800 ms  DeleteObjects: 0.122900 ms)

AssetImportWorkerClient::OnTransportError - code=2 error=End of file
